<?xml version="1.0" encoding="UTF-8"?>
<testng-results skipped="0" failed="0" total="1" passed="1">
  <reporter-output>
  </reporter-output>
  <suite name="Suite" duration-ms="330083" started-at="2018-10-21T17:12:05Z" finished-at="2018-10-21T17:17:35Z">
    <groups>
    </groups>
    <test name="Test" duration-ms="330083" started-at="2018-10-21T17:12:05Z" finished-at="2018-10-21T17:17:35Z">
      <class name="RestAssured.Basics.BasicGetTest">
        <test-method status="PASS" signature="testCases()" name="testCases" duration-ms="330041" started-at="2018-10-21T17:12:05Z" finished-at="2018-10-21T17:17:35Z">
        </test-method>
      </class>
    </test>
  </suite>
</testng-results>
